Build started 07-Jul-12 11:16:17 PM.
     1>Project "D:\DOWNLOADS\Studies\1st Semester\FULLY WORKING LIBRARY -email to sir\Lib-new.vcxproj" on node 2 (build target(s)).
     1>InitializeBuildStatus:
         Creating "Debug\Lib-new.unsuccessfulbuild" because "AlwaysCreate" was specified.
       ClCompile:
         d:\Microsoft Visual Studio 10.0\VC\bin\CL.exe /c /ZI /nologo /W3 /WX- /Od /Oy- /D WIN32 /D _DEBUG /D _CONSOLE /D _UNICODE /D UNICODE /Gm /EHsc /RTC1 /MDd /GS /fp:precise /Zc:wchar_t /Zc:forScope /Fo"Debug\\" /Fd"Debug\vc100.pdb" /Gd /TP /analyze- /errorReport:prompt "lib new.cpp"
         lib new.cpp
     1>d:\downloads\studies\1st semester\fully working library -email to sir\lib new.cpp(824): warning C4101: 'temp_count' : unreferenced local variable
     1>d:\downloads\studies\1st semester\fully working library -email to sir\lib new.cpp(887): warning C4996: '_strdate': This function or variable may be unsafe. Consider using _strdate_s instead. To disable deprecation, use _CRT_SECURE_NO_WARNINGS. See online help for details.
                 d:\microsoft visual studio 10.0\vc\include\time.h(177) : see declaration of '_strdate'
     1>d:\downloads\studies\1st semester\fully working library -email to sir\lib new.cpp(1032): warning C4996: '_strdate': This function or variable may be unsafe. Consider using _strdate_s instead. To disable deprecation, use _CRT_SECURE_NO_WARNINGS. See online help for details.
                 d:\microsoft visual studio 10.0\vc\include\time.h(177) : see declaration of '_strdate'
       ManifestResourceCompile:
         C:\Program Files\Microsoft SDKs\Windows\v7.0A\bin\rc.exe /nologo /fo"Debug\Lib-new.exe.embed.manifest.res" Debug\Lib-new_manifest.rc 
       Link:
         d:\Microsoft Visual Studio 10.0\VC\bin\link.exe /ERRORREPORT:PROMPT /OUT:"D:\DOWNLOADS\Studies\1st Semester\FULLY WORKING LIBRARY -email to sir\Debug\Lib-new.exe" /INCREMENTAL /NOLOGO kernel32.lib user32.lib gdi32.lib winspool.lib comdlg32.lib advapi32.lib shell32.lib ole32.lib oleaut32.lib uuid.lib odbc32.lib odbccp32.lib /MANIFEST /ManifestFile:"Debug\Lib-new.exe.intermediate.manifest" /MANIFESTUAC:"level='asInvoker' uiAccess='false'" /DEBUG /PDB:"D:\DOWNLOADS\Studies\1st Semester\FULLY WORKING LIBRARY -email to sir\Debug\Lib-new.pdb" /SUBSYSTEM:CONSOLE /TLBID:1 /DYNAMICBASE /NXCOMPAT /IMPLIB:"D:\DOWNLOADS\Studies\1st Semester\FULLY WORKING LIBRARY -email to sir\Debug\Lib-new.lib" /MACHINE:X86 "Debug\Lib-new.exe.embed.manifest.res"
         "Debug\lib new.obj"
       Manifest:
         C:\Program Files\Microsoft SDKs\Windows\v7.0A\bin\mt.exe /nologo /verbose /out:"Debug\Lib-new.exe.embed.manifest" /manifest "Debug\Lib-new.exe.intermediate.manifest"
         All outputs are up-to-date.
       LinkEmbedManifest:
         All outputs are up-to-date.
         Lib-new.vcxproj -> D:\DOWNLOADS\Studies\1st Semester\FULLY WORKING LIBRARY -email to sir\Debug\Lib-new.exe
       FinalizeBuildStatus:
         Deleting file "Debug\Lib-new.unsuccessfulbuild".
         Touching "Debug\Lib-new.lastbuildstate".
     1>Done Building Project "D:\DOWNLOADS\Studies\1st Semester\FULLY WORKING LIBRARY -email to sir\Lib-new.vcxproj" (build target(s)).

Build succeeded.

Time Elapsed 00:00:02.09
